[33mCMake Warning:
  Manually-specified variables were not used by the project:

    Python3_EXECUTABLE

[0m
/usr/bin/ld: warning: libcudart-a7b20f20.so.11.3.109, needed by /root/miniconda3/envs/fastbev/lib/libspconv.so, not found (try using -rpath or -rpath-link)
/usr/bin/ld: /root/miniconda3/envs/fastbev/lib/libspconv.so: undefined reference to `PyInstanceMethod_Type'
/usr/bin/ld: /root/miniconda3/envs/fastbev/lib/libspconv.so: undefined reference to `PyDict_DelItemString'
/usr/bin/ld: /root/miniconda3/envs/fastbev/lib/libspconv.so: undefined reference to `_Py_Dealloc'
/usr/bin/ld: /root/miniconda3/envs/fastbev/lib/libspconv.so: undefined reference to `PyByteArray_AsString'
/usr/bin/ld: /root/miniconda3/envs/fastbev/lib/libspconv.so: undefined reference to `PyLong_FromLong'
/usr/bin/ld: /root/miniconda3/envs/fastbev/lib/libspconv.so: undefined reference to `PyModule_Create2'
/usr/bin/ld: /root/miniconda3/envs/fastbev/lib/libspconv.so: undefined reference to `PyByteArray_Type'
/usr/bin/ld: /root/miniconda3/envs/fastbev/lib/libspconv.so: undefined reference to `PyLong_FromSsize_t'
/usr/bin/ld: /root/miniconda3/envs/fastbev/lib/libspconv.so: undefined reference to `PyObject_SetAttrString'
/usr/bin/ld: /root/miniconda3/envs/fastbev/lib/libspconv.so: undefined reference to `PyType_IsSubtype'
/usr/bin/ld: /root/miniconda3/envs/fastbev/lib/libspconv.so: undefined reference to `PyErr_Fetch'
/usr/bin/ld: /root/miniconda3/envs/fastbev/lib/libspconv.so: undefined reference to `PyException_SetTraceback'
/usr/bin/ld: /root/miniconda3/envs/fastbev/lib/libspconv.so: undefined reference to `PyExc_RuntimeError'
/usr/bin/ld: /root/miniconda3/envs/fastbev/lib/libspconv.so: undefined reference to `PyDict_Copy'
/usr/bin/ld: /root/miniconda3/envs/fastbev/lib/libspconv.so: undefined reference to `_PyThreadState_UncheckedGet'
/usr/bin/ld: /root/miniconda3/envs/fastbev/lib/libspconv.so: undefined reference to `PyEval_RestoreThread'
/usr/bin/ld: /root/miniconda3/envs/fastbev/lib/libspconv.so: undefined reference to `PyDict_Size'
/usr/bin/ld: /root/miniconda3/envs/fastbev/lib/libspconv.so: undefined reference to `PyExc_MemoryError'
/usr/bin/ld: /root/miniconda3/envs/fastbev/lib/libspconv.so: undefined reference to `PyStaticMethod_New'
/usr/bin/ld: /root/miniconda3/envs/fastbev/lib/libspconv.so: undefined reference to `PyUnicode_DecodeUTF8'
/usr/bin/ld: /root/miniconda3/envs/fastbev/lib/libspconv.so: undefined reference to `PyUnicode_FromString'
/usr/bin/ld: /root/miniconda3/envs/fastbev/lib/libspconv.so: undefined reference to `PyBaseObject_Type'
/usr/bin/ld: /root/miniconda3/envs/fastbev/lib/libspconv.so: undefined reference to `PyNumber_Check'
/usr/bin/ld: /root/miniconda3/envs/fastbev/lib/libspconv.so: undefined reference to `PyModule_Type'
/usr/bin/ld: /root/miniconda3/envs/fastbev/lib/libspconv.so: undefined reference to `PyErr_WriteUnraisable'
/usr/bin/ld: /root/miniconda3/envs/fastbev/lib/libspconv.so: undefined reference to `PyThread_tss_create'
/usr/bin/ld: /root/miniconda3/envs/fastbev/lib/libspconv.so: undefined reference to `PyObject_HasAttrString'
/usr/bin/ld: /root/miniconda3/envs/fastbev/lib/libspconv.so: undefined reference to `PyBytes_AsString'
/usr/bin/ld: /root/miniconda3/envs/fastbev/lib/libspconv.so: undefined reference to `PyByteArray_Size'
/usr/bin/ld: /root/miniconda3/envs/fastbev/lib/libspconv.so: undefined reference to `PyCapsule_GetContext'
/usr/bin/ld: /root/miniconda3/envs/fastbev/lib/libspconv.so: undefined reference to `_PyType_Lookup'
/usr/bin/ld: /root/miniconda3/envs/fastbev/lib/libspconv.so: undefined reference to `PyThreadState_Clear'
/usr/bin/ld: /root/miniconda3/envs/fastbev/lib/libspconv.so: undefined reference to `PyErr_Clear'
/usr/bin/ld: /root/miniconda3/envs/fastbev/lib/libspconv.so: undefined reference to `PyCallable_Check'
/usr/bin/ld: /root/miniconda3/envs/fastbev/lib/libspconv.so: undefined reference to `PyNumber_Xor'
/usr/bin/ld: /root/miniconda3/envs/fastbev/lib/libspconv.so: undefined reference to `PyCapsule_New'
/usr/bin/ld: /root/miniconda3/envs/fastbev/lib/libspconv.so: undefined reference to `PyMem_Calloc'
/usr/bin/ld: /root/miniconda3/envs/fastbev/lib/libspconv.so: undefined reference to `PyBuffer_Release'
/usr/bin/ld: /root/miniconda3/envs/fastbev/lib/libspconv.so: undefined reference to `PyBytes_Size'
/usr/bin/ld: /root/miniconda3/envs/fastbev/lib/libspconv.so: undefined reference to `PyNumber_Or'
/usr/bin/ld: /root/miniconda3/envs/fastbev/lib/libspconv.so: undefined reference to `PySequence_Size'
/usr/bin/ld: /root/miniconda3/envs/fastbev/lib/libspconv.so: undefined reference to `PyExc_TypeError'
/usr/bin/ld: /root/miniconda3/envs/fastbev/lib/libspconv.so: undefined reference to `PyLong_AsUnsignedLong'
/usr/bin/ld: /root/miniconda3/envs/fastbev/lib/libspconv.so: undefined reference to `PyNumber_Long'
/usr/bin/ld: /root/miniconda3/envs/fastbev/lib/libspconv.so: undefined reference to `PyType_Ready'
/usr/bin/ld: /root/miniconda3/envs/fastbev/lib/libspconv.so: undefined reference to `PyGILState_Check'
/usr/bin/ld: /root/miniconda3/envs/fastbev/lib/libspconv.so: undefined reference to `PyFloat_FromDouble'
/usr/bin/ld: /root/miniconda3/envs/fastbev/lib/libspconv.so: undefined reference to `PyTuple_GetItem'
/usr/bin/ld: /root/miniconda3/envs/fastbev/lib/libspconv.so: undefined reference to `_PyObject_GetDictPtr'
/usr/bin/ld: /root/miniconda3/envs/fastbev/lib/libspconv.so: undefined reference to `PyObject_Malloc'
/usr/bin/ld: /root/miniconda3/envs/fastbev/lib/libspconv.so: undefined reference to `PyTuple_SetItem'
/usr/bin/ld: /root/miniconda3/envs/fastbev/lib/libspconv.so: undefined reference to `PyThread_tss_get'
/usr/bin/ld: /root/miniconda3/envs/fastbev/lib/libspconv.so: undefined reference to `PyErr_Restore'
/usr/bin/ld: /root/miniconda3/envs/fastbev/lib/libspconv.so: undefined reference to `PyErr_WarnEx'
/usr/bin/ld: /root/miniconda3/envs/fastbev/lib/libspconv.so: undefined reference to `PyCapsule_SetName'
/usr/bin/ld: /root/miniconda3/envs/fastbev/lib/libspconv.so: undefined reference to `PyThread_tss_alloc'
/usr/bin/ld: /root/miniconda3/envs/fastbev/lib/libspconv.so: undefined reference to `PyLong_FromSize_t'
/usr/bin/ld: /root/miniconda3/envs/fastbev/lib/libspconv.so: undefined reference to `PyList_Size'
/usr/bin/ld: /root/miniconda3/envs/fastbev/lib/libspconv.so: undefined reference to `PyCFunction_Type'
/usr/bin/ld: /root/miniconda3/envs/fastbev/lib/libspconv.so: undefined reference to `PyGILState_GetThisThreadState'
/usr/bin/ld: /root/miniconda3/envs/fastbev/lib/libspconv.so: undefined reference to `PyBytes_AsStringAndSize'
/usr/bin/ld: /root/miniconda3/envs/fastbev/lib/libspconv.so: undefined reference to `PyUnicode_AsEncodedString'
/usr/bin/ld: /root/miniconda3/envs/fastbev/lib/libspconv.so: undefined reference to `PyMethod_Type'
/usr/bin/ld: /root/miniconda3/envs/fastbev/lib/libspconv.so: undefined reference to `PyTuple_New'
/usr/bin/ld: /root/miniconda3/envs/fastbev/lib/libspconv.so: undefined reference to `PyImport_AddModule'
/usr/bin/ld: /root/miniconda3/envs/fastbev/lib/libspconv.so: undefined reference to `PyObject_CallFunctionObjArgs'
/usr/bin/ld: /root/miniconda3/envs/fastbev/lib/libspconv.so: undefined reference to `PyExc_ImportError'
/usr/bin/ld: /root/miniconda3/envs/fastbev/lib/libspconv.so: undefined reference to `PyErr_Occurred'
/usr/bin/ld: /root/miniconda3/envs/fastbev/lib/libspconv.so: undefined reference to `PyThreadState_DeleteCurrent'
/usr/bin/ld: /root/miniconda3/envs/fastbev/lib/libspconv.so: undefined reference to `PySequence_Tuple'
/usr/bin/ld: /root/miniconda3/envs/fastbev/lib/libspconv.so: undefined reference to `PyWeakref_NewRef'
/usr/bin/ld: /root/miniconda3/envs/fastbev/lib/libspconv.so: undefined reference to `PyUnicode_AsUTF8String'
/usr/bin/ld: /root/miniconda3/envs/fastbev/lib/libspconv.so: undefined reference to `PyEval_GetBuiltins'
/usr/bin/ld: /root/miniconda3/envs/fastbev/lib/libspconv.so: undefined reference to `PyExc_ValueError'
/usr/bin/ld: /root/miniconda3/envs/fastbev/lib/libspconv.so: undefined reference to `PyUnicode_FromFormat'
/usr/bin/ld: /root/miniconda3/envs/fastbev/lib/libspconv.so: undefined reference to `PyNumber_And'
/usr/bin/ld: /root/miniconda3/envs/fastbev/lib/libspconv.so: undefined reference to `_Py_FalseStruct'
/usr/bin/ld: /root/miniconda3/envs/fastbev/lib/libspconv.so: undefined reference to `PyCapsule_GetName'
/usr/bin/ld: /root/miniconda3/envs/fastbev/lib/libspconv.so: undefined reference to `PyExc_OverflowError'
/usr/bin/ld: /root/miniconda3/envs/fastbev/lib/libspconv.so: undefined reference to `PyDict_Type'
/usr/bin/ld: /root/miniconda3/envs/fastbev/lib/libspconv.so: undefined reference to `PyExc_BufferError'
/usr/bin/ld: /root/miniconda3/envs/fastbev/lib/libspconv.so: undefined reference to `PyException_SetContext'
/usr/bin/ld: /root/miniconda3/envs/fastbev/lib/libspconv.so: undefined reference to `PyGILState_Ensure'
/usr/bin/ld: /root/miniconda3/envs/fastbev/lib/libspconv.so: undefined reference to `PyEval_AcquireThread'
/usr/bin/ld: /root/miniconda3/envs/fastbev/lib/libspconv.so: undefined reference to `PyErr_SetString'
/usr/bin/ld: /root/miniconda3/envs/fastbev/lib/libspconv.so: undefined reference to `PyObject_CallObject'
/usr/bin/ld: /root/miniconda3/envs/fastbev/lib/libspconv.so: undefined reference to `PyThread_tss_set'
/usr/bin/ld: /root/miniconda3/envs/fastbev/lib/libspconv.so: undefined reference to `PyList_GetItem'
/usr/bin/ld: /root/miniconda3/envs/fastbev/lib/libspconv.so: undefined reference to `PyObject_IsInstance'
/usr/bin/ld: /root/miniconda3/envs/fastbev/lib/libspconv.so: undefined reference to `PyMem_Free'
/usr/bin/ld: /root/miniconda3/envs/fastbev/lib/libspconv.so: undefined reference to `PyThreadState_Get'
/usr/bin/ld: /root/miniconda3/envs/fastbev/lib/libspconv.so: undefined reference to `PyNumber_Invert'
/usr/bin/ld: /root/miniconda3/envs/fastbev/lib/libspconv.so: undefined reference to `PyObject_GenericSetDict'
/usr/bin/ld: /root/miniconda3/envs/fastbev/lib/libspconv.so: undefined reference to `PyType_Type'
/usr/bin/ld: /root/miniconda3/envs/fastbev/lib/libspconv.so: undefined reference to `PyThreadState_New'
/usr/bin/ld: /root/miniconda3/envs/fastbev/lib/libspconv.so: undefined reference to `PyObject_Repr'
/usr/bin/ld: /root/miniconda3/envs/fastbev/lib/libspconv.so: undefined reference to `PyProperty_Type'
/usr/bin/ld: /root/miniconda3/envs/fastbev/lib/libspconv.so: undefined reference to `PyFrame_GetLineNumber'
/usr/bin/ld: /root/miniconda3/envs/fastbev/lib/libspconv.so: undefined reference to `PyErr_NormalizeException'
/usr/bin/ld: /root/miniconda3/envs/fastbev/lib/libspconv.so: undefined reference to `PyObject_ClearWeakRefs'
/usr/bin/ld: /root/miniconda3/envs/fastbev/lib/libspconv.so: undefined reference to `PyDict_Next'
/usr/bin/ld: /root/miniconda3/envs/fastbev/lib/libspconv.so: undefined reference to `PyCapsule_GetPointer'
/usr/bin/ld: /root/miniconda3/envs/fastbev/lib/libspconv.so: undefined reference to `_Py_NoneStruct'
/usr/bin/ld: /root/miniconda3/envs/fastbev/lib/libspconv.so: undefined reference to `PyInstanceMethod_New'
/usr/bin/ld: /root/miniconda3/envs/fastbev/lib/libspconv.so: undefined reference to `PyDict_New'
/usr/bin/ld: /root/miniconda3/envs/fastbev/lib/libspconv.so: undefined reference to `PyCapsule_SetPointer'
/usr/bin/ld: /root/miniconda3/envs/fastbev/lib/libspconv.so: undefined reference to `PyObject_RichCompareBool'
/usr/bin/ld: /root/miniconda3/envs/fastbev/lib/libspconv.so: undefined reference to `PyGILState_Release'
/usr/bin/ld: /root/miniconda3/envs/fastbev/lib/libspconv.so: undefined reference to `PySequence_GetItem'
/usr/bin/ld: /root/miniconda3/envs/fastbev/lib/libspconv.so: undefined reference to `_Py_NotImplementedStruct'
/usr/bin/ld: /root/miniconda3/envs/fastbev/lib/libspconv.so: undefined reference to `PyObject_GetItem'
/usr/bin/ld: /root/miniconda3/envs/fastbev/lib/libspconv.so: undefined reference to `PyFrame_FastToLocals'
/usr/bin/ld: /root/miniconda3/envs/fastbev/lib/libspconv.so: undefined reference to `PyObject_SetItem'
/usr/bin/ld: /root/miniconda3/envs/fastbev/lib/libspconv.so: undefined reference to `PyDict_Contains'
/usr/bin/ld: /root/miniconda3/envs/fastbev/lib/libspconv.so: undefined reference to `PyExc_SystemError'
/usr/bin/ld: /root/miniconda3/envs/fastbev/lib/libspconv.so: undefined reference to `PyCapsule_Type'
/usr/bin/ld: /root/miniconda3/envs/fastbev/lib/libspconv.so: undefined reference to `PyNumber_Float'
/usr/bin/ld: /root/miniconda3/envs/fastbev/lib/libspconv.so: undefined reference to `PyLong_AsLong'
/usr/bin/ld: /root/miniconda3/envs/fastbev/lib/libspconv.so: undefined reference to `_Py_TrueStruct'
/usr/bin/ld: /root/miniconda3/envs/fastbev/lib/libspconv.so: undefined reference to `PyFloat_Type'
/usr/bin/ld: /root/miniconda3/envs/fastbev/lib/libspconv.so: undefined reference to `PyExc_IndexError'
/usr/bin/ld: /root/miniconda3/envs/fastbev/lib/libspconv.so: undefined reference to `PyFloat_AsDouble'
/usr/bin/ld: /root/miniconda3/envs/fastbev/lib/libspconv.so: undefined reference to `PyEval_SaveThread'
/usr/bin/ld: /root/miniconda3/envs/fastbev/lib/libspconv.so: undefined reference to `PyCapsule_SetContext'
/usr/bin/ld: /root/miniconda3/envs/fastbev/lib/libspconv.so: undefined reference to `Py_GetVersion'
/usr/bin/ld: /root/miniconda3/envs/fastbev/lib/libspconv.so: undefined reference to `PySequence_Check'
/usr/bin/ld: /root/miniconda3/envs/fastbev/lib/libspconv.so: undefined reference to `PyObject_GC_UnTrack'
/usr/bin/ld: /root/miniconda3/envs/fastbev/lib/libspconv.so: undefined reference to `PyObject_GetAttrString'
/usr/bin/ld: /root/miniconda3/envs/fastbev/lib/libspconv.so: undefined reference to `PyException_SetCause'
/usr/bin/ld: /root/miniconda3/envs/fastbev/lib/libspconv.so: undefined reference to `PyList_New'
/usr/bin/ld: /root/miniconda3/envs/fastbev/lib/libspconv.so: undefined reference to `PyModule_GetName'
/usr/bin/ld: /root/miniconda3/envs/fastbev/lib/libspconv.so: undefined reference to `PyObject_Str'
/usr/bin/ld: /root/miniconda3/envs/fastbev/lib/libspconv.so: undefined reference to `PyExc_FutureWarning'
/usr/bin/ld: /root/miniconda3/envs/fastbev/lib/libspconv.so: undefined reference to `PyDict_GetItemWithError'
/usr/bin/ld: /root/miniconda3/envs/fastbev/lib/libspconv.so: undefined reference to `PyErr_Format'
/usr/bin/ld: /root/miniconda3/envs/fastbev/lib/libspconv.so: undefined reference to `PyObject_SetAttr'
/usr/bin/ld: /root/miniconda3/envs/fastbev/lib/libspconv.so: undefined reference to `PyCFunction_NewEx'
/usr/bin/ld: /root/miniconda3/envs/fastbev/lib/libspconv.so: undefined reference to `PyStaticMethod_Type'
/usr/bin/ld: /root/miniconda3/envs/fastbev/lib/libspconv.so: undefined reference to `PyUnicode_AsUTF8AndSize'
/usr/bin/ld: /root/miniconda3/envs/fastbev/lib/libspconv.so: undefined reference to `PyTuple_Size'
/usr/bin/ld: /root/miniconda3/envs/fastbev/lib/libspconv.so: undefined reference to `PyObject_GenericGetDict'
collect2: error: ld returned 1 exit status
make[2]: *** [CMakeFiles/fastbev_node.dir/build.make:219: fastbev_node] Error 1
make[1]: *** [CMakeFiles/Makefile2:137: CMakeFiles/fastbev_node.dir/all] Error 2
make: *** [Makefile:146: all] Error 2
