-- Found message_filters: 3.2.7 (/opt/ros/foxy/share/message_filters/cmake)
-- Using PYTHON_EXECUTABLE: /usr/bin/python3
-- Override CMake install command with custom implementation using symlinks instead of copying resources
-- Found ament_cmake: 0.9.12 (/opt/ros/foxy/share/ament_cmake/cmake)
-- Found rclcpp: 2.4.3 (/opt/ros/foxy/share/rclcpp/cmake)
-- Using all available rosidl_typesupport_c: rosidl_typesupport_fastrtps_c;rosidl_typesupport_introspection_c
-- Found rosidl_adapter: 1.3.1 (/opt/ros/foxy/share/rosidl_adapter/cmake)
-- Using all available rosidl_typesupport_cpp: rosidl_typesupport_fastrtps_cpp;rosidl_typesupport_introspection_cpp
-- Found rmw_implementation_cmake: 1.0.4 (/opt/ros/foxy/share/rmw_implementation_cmake/cmake)
-- Using RMW implementation 'rmw_fastrtps_cpp' as default
-- Found sensor_msgs: 2.0.5 (/opt/ros/foxy/share/sensor_msgs/cmake)
-- Found cv_bridge: 3.0.7 (/opt/ros/foxy/share/cv_bridge/cmake)
-- Configuring done (0.8s)
-- Generating done (0.0s)
-- Build files have been written to: /root/autodl-tmp/ros2_ws/build/my_fastbev
[100%] Built target fastbev_node
-- Install configuration: "Release"
-- Execute custom install script
-- Up-to-date symlink: /root/autodl-tmp/ros2_ws/install/my_fastbev/lib/my_fastbev/fastbev_node
-- Up-to-date symlink: /root/autodl-tmp/ros2_ws/install/my_fastbev/share/ament_index/resource_index/package_run_dependencies/my_fastbev
-- Up-to-date symlink: /root/autodl-tmp/ros2_ws/install/my_fastbev/share/ament_index/resource_index/parent_prefix_path/my_fastbev
-- Up-to-date symlink: /root/autodl-tmp/ros2_ws/install/my_fastbev/share/my_fastbev/environment/ament_prefix_path.sh
-- Up-to-date symlink: /root/autodl-tmp/ros2_ws/install/my_fastbev/share/my_fastbev/environment/ament_prefix_path.dsv
-- Up-to-date symlink: /root/autodl-tmp/ros2_ws/install/my_fastbev/share/my_fastbev/environment/path.sh
-- Up-to-date symlink: /root/autodl-tmp/ros2_ws/install/my_fastbev/share/my_fastbev/environment/path.dsv
-- Up-to-date symlink: /root/autodl-tmp/ros2_ws/install/my_fastbev/share/my_fastbev/local_setup.bash
-- Up-to-date symlink: /root/autodl-tmp/ros2_ws/install/my_fastbev/share/my_fastbev/local_setup.sh
-- Up-to-date symlink: /root/autodl-tmp/ros2_ws/install/my_fastbev/share/my_fastbev/local_setup.zsh
-- Up-to-date symlink: /root/autodl-tmp/ros2_ws/install/my_fastbev/share/my_fastbev/local_setup.dsv
-- Symlinking: /root/autodl-tmp/ros2_ws/install/my_fastbev/share/my_fastbev/package.dsv
-- Up-to-date symlink: /root/autodl-tmp/ros2_ws/install/my_fastbev/share/ament_index/resource_index/packages/my_fastbev
-- Up-to-date symlink: /root/autodl-tmp/ros2_ws/install/my_fastbev/share/my_fastbev/cmake/my_fastbevConfig.cmake
-- Up-to-date symlink: /root/autodl-tmp/ros2_ws/install/my_fastbev/share/my_fastbev/cmake/my_fastbevConfig-version.cmake
-- Up-to-date symlink: /root/autodl-tmp/ros2_ws/install/my_fastbev/share/my_fastbev/package.xml
