[0.193s] DEBUG:colcon:Command line arguments: ['/usr/bin/colcon', 'build', '--packages-select', 'fastbev_trt_ros', '--symlink-install', '--event-handlers', 'console_direct+', '--cmake-args', '-DPYTHON_EXECUTABLE=/usr/bin/python3', '-DPython3_EXECUTABLE=/usr/bin/python3', '-DCMAKE_IGNORE_PATH=/root/miniconda3;/root/miniconda3/envs/fastbev']
[0.193s] DEBUG:colcon:Parsed command line arguments: Namespace(allow_overriding=[], ament_cmake_args=None, base_paths=['.'], build_base='build', catkin_cmake_args=None, catkin_skip_building_tests=False, cmake_args=['-DPYTHON_EXECUTABLE=/usr/bin/python3', '-DPython3_EXECUTABLE=/usr/bin/python3', '-DCMAKE_IGNORE_PATH=/root/miniconda3;/root/miniconda3/envs/fastbev'], cmake_clean_cache=False, cmake_clean_first=False, cmake_force_configure=False, cmake_target=None, cmake_target_skip_unavailable=False, continue_on_error=False, event_handlers=['console_direct+'], executor='parallel', ignore_user_meta=False, install_base='install', log_base=None, log_level=None, main=<bound method BuildVerb.main of <colcon_core.verb.build.BuildVerb object at 0x7fe9c7f65ca0>>, merge_install=False, metas=['./colcon.meta'], packages_above=None, packages_above_and_dependencies=None, packages_above_depth=None, packages_end=None, packages_ignore=None, packages_ignore_regex=None, packages_select=['fastbev_trt_ros'], packages_select_build_failed=False, packages_select_by_dep=None, packages_select_regex=None, packages_select_test_failures=False, packages_skip=None, packages_skip_build_finished=False, packages_skip_by_dep=None, packages_skip_regex=None, packages_skip_test_passed=False, packages_skip_up_to=None, packages_start=None, packages_up_to=None, packages_up_to_regex=None, parallel_workers=192, paths=None, symlink_install=True, test_result_base=None, verb_extension=<colcon_core.verb.build.BuildVerb object at 0x7fe9c7f65ca0>, verb_name='build', verb_parser=<colcon_defaults.argument_parser.defaults.DefaultArgumentsDecorator object at 0x7fe9c7e49ee0>)
[0.326s] Level 1:colcon.colcon_core.package_discovery:discover_packages(colcon_meta) check parameters
[0.326s] Level 1:colcon.colcon_core.package_discovery:discover_packages(recursive) check parameters
[0.326s] Level 1:colcon.colcon_core.package_discovery:discover_packages(ignore) check parameters
[0.326s] Level 1:colcon.colcon_core.package_discovery:discover_packages(path) check parameters
[0.326s] Level 1:colcon.colcon_core.package_discovery:discover_packages(colcon_meta) discover
[0.326s] Level 1:colcon.colcon_core.package_discovery:discover_packages(recursive) discover
[0.327s] INFO:colcon.colcon_core.package_discovery:Crawling recursively for packages in '/root/autodl-tmp/ros2_ws/src'
[0.327s] Level 1:colcon.colcon_core.package_identification:_identify(.) by extensions ['ignore', 'ignore_ament_install']
[0.327s] Level 1:colcon.colcon_core.package_identification:_identify(.) by extension 'ignore'
[0.327s] Level 1:colcon.colcon_core.package_identification:_identify(.) by extension 'ignore_ament_install'
[0.327s] Level 1:colcon.colcon_core.package_identification:_identify(.) by extensions ['colcon_pkg']
[0.327s] Level 1:colcon.colcon_core.package_identification:_identify(.) by extension 'colcon_pkg'
[0.327s] Level 1:colcon.colcon_core.package_identification:_identify(.) by extensions ['colcon_meta']
[0.327s] Level 1:colcon.colcon_core.package_identification:_identify(.) by extension 'colcon_meta'
[0.327s] Level 1:colcon.colcon_core.package_identification:_identify(.) by extensions ['ros']
[0.327s] Level 1:colcon.colcon_core.package_identification:_identify(.) by extension 'ros'
[0.343s] Level 1:colcon.colcon_core.package_identification:_identify(.) by extensions ['cmake', 'python']
[0.343s] Level 1:colcon.colcon_core.package_identification:_identify(.) by extension 'cmake'
[0.343s] Level 1:colcon.colcon_core.package_identification:_identify(.) by extension 'python'
[0.343s] Level 1:colcon.colcon_core.package_identification:_identify(.) by extensions ['python_setup_py']
[0.343s] Level 1:colcon.colcon_core.package_identification:_identify(.) by extension 'python_setup_py'
[0.343s] Level 1:colcon.colcon_core.package_identification:_identify(build) by extensions ['ignore', 'ignore_ament_install']
[0.343s] Level 1:colcon.colcon_core.package_identification:_identify(build) by extension 'ignore'
[0.343s] Level 1:colcon.colcon_core.package_identification:_identify(build) ignored
[0.343s] Level 1:colcon.colcon_core.package_identification:_identify(camera_sim_pub) by extensions ['ignore', 'ignore_ament_install']
[0.343s] Level 1:colcon.colcon_core.package_identification:_identify(camera_sim_pub) by extension 'ignore'
[0.343s] Level 1:colcon.colcon_core.package_identification:_identify(camera_sim_pub) by extension 'ignore_ament_install'
[0.344s] Level 1:colcon.colcon_core.package_identification:_identify(camera_sim_pub) by extensions ['colcon_pkg']
[0.344s] Level 1:colcon.colcon_core.package_identification:_identify(camera_sim_pub) by extension 'colcon_pkg'
[0.344s] Level 1:colcon.colcon_core.package_identification:_identify(camera_sim_pub) by extensions ['colcon_meta']
[0.344s] Level 1:colcon.colcon_core.package_identification:_identify(camera_sim_pub) by extension 'colcon_meta'
[0.344s] Level 1:colcon.colcon_core.package_identification:_identify(camera_sim_pub) by extensions ['ros']
[0.344s] Level 1:colcon.colcon_core.package_identification:_identify(camera_sim_pub) by extension 'ros'
[0.347s] DEBUG:colcon.colcon_core.package_identification:Package 'camera_sim_pub' with type 'ros.ament_python' and name 'camera_sim_pub'
[0.348s] Level 1:colcon.colcon_core.package_identification:_identify(fastbev_trt_ros) by extensions ['ignore', 'ignore_ament_install']
[0.348s] Level 1:colcon.colcon_core.package_identification:_identify(fastbev_trt_ros) by extension 'ignore'
[0.348s] Level 1:colcon.colcon_core.package_identification:_identify(fastbev_trt_ros) by extension 'ignore_ament_install'
[0.348s] Level 1:colcon.colcon_core.package_identification:_identify(fastbev_trt_ros) by extensions ['colcon_pkg']
[0.348s] Level 1:colcon.colcon_core.package_identification:_identify(fastbev_trt_ros) by extension 'colcon_pkg'
[0.348s] Level 1:colcon.colcon_core.package_identification:_identify(fastbev_trt_ros) by extensions ['colcon_meta']
[0.348s] Level 1:colcon.colcon_core.package_identification:_identify(fastbev_trt_ros) by extension 'colcon_meta'
[0.348s] Level 1:colcon.colcon_core.package_identification:_identify(fastbev_trt_ros) by extensions ['ros']
[0.348s] Level 1:colcon.colcon_core.package_identification:_identify(fastbev_trt_ros) by extension 'ros'
[0.350s] DEBUG:colcon.colcon_core.package_identification:Package 'fastbev_trt_ros' with type 'ros.ament_cmake' and name 'fastbev_trt_ros'
[0.350s] Level 1:colcon.colcon_core.package_identification:_identify(install) by extensions ['ignore', 'ignore_ament_install']
[0.350s] Level 1:colcon.colcon_core.package_identification:_identify(install) by extension 'ignore'
[0.350s] Level 1:colcon.colcon_core.package_identification:_identify(install) ignored
[0.350s] Level 1:colcon.colcon_core.package_identification:_identify(log) by extensions ['ignore', 'ignore_ament_install']
[0.350s] Level 1:colcon.colcon_core.package_identification:_identify(log) by extension 'ignore'
[0.350s] Level 1:colcon.colcon_core.package_identification:_identify(log) ignored
[0.350s] Level 1:colcon.colcon_core.package_discovery:discover_packages(recursive) using defaults
[0.350s] Level 1:colcon.colcon_core.package_discovery:discover_packages(ignore) discover
[0.350s] Level 1:colcon.colcon_core.package_discovery:discover_packages(ignore) using defaults
[0.350s] Level 1:colcon.colcon_core.package_discovery:discover_packages(path) discover
[0.350s] Level 1:colcon.colcon_core.package_discovery:discover_packages(path) using defaults
[0.372s] INFO:colcon.colcon_core.package_selection:Skipping not selected package 'camera_sim_pub' in 'camera_sim_pub'
[0.373s] Level 1:colcon.colcon_core.package_discovery:discover_packages(prefix_path) check parameters
[0.373s] Level 1:colcon.colcon_core.package_discovery:discover_packages(prefix_path) discover
[0.375s] DEBUG:colcon.colcon_installed_package_information.package_discovery:Found 171 installed packages in /opt/ros/foxy
[0.377s] Level 1:colcon.colcon_core.package_discovery:discover_packages(prefix_path) using defaults
[0.419s] Level 5:colcon.colcon_core.verb:set package 'fastbev_trt_ros' build argument 'cmake_args' from command line to '['-DPYTHON_EXECUTABLE=/usr/bin/python3', '-DPython3_EXECUTABLE=/usr/bin/python3', '-DCMAKE_IGNORE_PATH=/root/miniconda3;/root/miniconda3/envs/fastbev']'
[0.419s] Level 5:colcon.colcon_core.verb:set package 'fastbev_trt_ros' build argument 'cmake_target' from command line to 'None'
[0.419s] Level 5:colcon.colcon_core.verb:set package 'fastbev_trt_ros' build argument 'cmake_target_skip_unavailable' from command line to 'False'
[0.419s] Level 5:colcon.colcon_core.verb:set package 'fastbev_trt_ros' build argument 'cmake_clean_cache' from command line to 'False'
[0.419s] Level 5:colcon.colcon_core.verb:set package 'fastbev_trt_ros' build argument 'cmake_clean_first' from command line to 'False'
[0.419s] Level 5:colcon.colcon_core.verb:set package 'fastbev_trt_ros' build argument 'cmake_force_configure' from command line to 'False'
[0.419s] Level 5:colcon.colcon_core.verb:set package 'fastbev_trt_ros' build argument 'ament_cmake_args' from command line to 'None'
[0.419s] Level 5:colcon.colcon_core.verb:set package 'fastbev_trt_ros' build argument 'catkin_cmake_args' from command line to 'None'
[0.419s] Level 5:colcon.colcon_core.verb:set package 'fastbev_trt_ros' build argument 'catkin_skip_building_tests' from command line to 'False'
[0.419s] DEBUG:colcon.colcon_core.verb:Building package 'fastbev_trt_ros' with the following arguments: {'ament_cmake_args': None, 'build_base': '/root/autodl-tmp/ros2_ws/src/build/fastbev_trt_ros', 'catkin_cmake_args': None, 'catkin_skip_building_tests': False, 'cmake_args': ['-DPYTHON_EXECUTABLE=/usr/bin/python3', '-DPython3_EXECUTABLE=/usr/bin/python3', '-DCMAKE_IGNORE_PATH=/root/miniconda3;/root/miniconda3/envs/fastbev'], 'cmake_clean_cache': False, 'cmake_clean_first': False, 'cmake_force_configure': False, 'cmake_target': None, 'cmake_target_skip_unavailable': False, 'install_base': '/root/autodl-tmp/ros2_ws/src/install/fastbev_trt_ros', 'merge_install': False, 'path': '/root/autodl-tmp/ros2_ws/src/fastbev_trt_ros', 'symlink_install': True, 'test_result_base': None}
[0.419s] INFO:colcon.colcon_core.executor:Executing jobs using 'parallel' executor
[0.421s] DEBUG:colcon.colcon_parallel_executor.executor.parallel:run_until_complete
[0.421s] INFO:colcon.colcon_ros.task.ament_cmake.build:Building ROS package in '/root/autodl-tmp/ros2_ws/src/fastbev_trt_ros' with build type 'ament_cmake'
[0.421s] INFO:colcon.colcon_cmake.task.cmake.build:Building CMake package in '/root/autodl-tmp/ros2_ws/src/fastbev_trt_ros'
[0.424s] INFO:colcon.colcon_core.plugin_system:Skipping extension 'colcon_core.shell.bat': Not used on non-Windows systems
[0.424s] INFO:colcon.colcon_core.shell:Skip shell extension 'powershell' for command environment: Not usable outside of PowerShell
[0.424s] DEBUG:colcon.colcon_core.shell:Skip shell extension 'dsv' for command environment
[0.440s] DEBUG:colcon.colcon_core.event_handler.log_command:Invoking command in '/root/autodl-tmp/ros2_ws/src/build/fastbev_trt_ros': CMAKE_PREFIX_PATH=/opt/ros/foxy CONDA_PROMPT_MODIFIER=(base) /root/miniconda3/bin/cmake /root/autodl-tmp/ros2_ws/src/fastbev_trt_ros -DPYTHON_EXECUTABLE=/usr/bin/python3 -DPython3_EXECUTABLE=/usr/bin/python3 -DCMAKE_IGNORE_PATH=/root/miniconda3;/root/miniconda3/envs/fastbev -DAMENT_CMAKE_SYMLINK_INSTALL=1 -DCMAKE_INSTALL_PREFIX=/root/autodl-tmp/ros2_ws/src/install/fastbev_trt_ros
[2.442s] DEBUG:colcon.colcon_core.event_handler.log_command:Invoked command in '/root/autodl-tmp/ros2_ws/src/build/fastbev_trt_ros' returned '0': CMAKE_PREFIX_PATH=/opt/ros/foxy CONDA_PROMPT_MODIFIER=(base) /root/miniconda3/bin/cmake /root/autodl-tmp/ros2_ws/src/fastbev_trt_ros -DPYTHON_EXECUTABLE=/usr/bin/python3 -DPython3_EXECUTABLE=/usr/bin/python3 -DCMAKE_IGNORE_PATH=/root/miniconda3;/root/miniconda3/envs/fastbev -DAMENT_CMAKE_SYMLINK_INSTALL=1 -DCMAKE_INSTALL_PREFIX=/root/autodl-tmp/ros2_ws/src/install/fastbev_trt_ros
[2.448s] DEBUG:colcon.colcon_core.event_handler.log_command:Invoking command in '/root/autodl-tmp/ros2_ws/src/build/fastbev_trt_ros': CMAKE_PREFIX_PATH=/opt/ros/foxy CONDA_PROMPT_MODIFIER=(base) /root/miniconda3/bin/cmake --build /root/autodl-tmp/ros2_ws/src/build/fastbev_trt_ros -- -j192 -l192
[12.551s] Level 1:colcon.colcon_core.environment:create_environment_scripts_only(fastbev_trt_ros)
[12.570s] Level 1:colcon.colcon_core.environment:checking '/root/autodl-tmp/ros2_ws/src/install/fastbev_trt_ros' for CMake module files
[12.572s] Level 1:colcon.colcon_core.environment:checking '/root/autodl-tmp/ros2_ws/src/install/fastbev_trt_ros' for CMake config files
[12.572s] Level 1:colcon.colcon_core.environment:checking '/root/autodl-tmp/ros2_ws/src/install/fastbev_trt_ros/bin'
[12.572s] Level 1:colcon.colcon_core.environment:checking '/root/autodl-tmp/ros2_ws/src/install/fastbev_trt_ros/lib/pkgconfig/fastbev_trt_ros.pc'
[12.573s] Level 1:colcon.colcon_core.environment:checking '/root/autodl-tmp/ros2_ws/src/install/fastbev_trt_ros/lib/python3.8/site-packages'
[12.573s] Level 1:colcon.colcon_core.environment:checking '/root/autodl-tmp/ros2_ws/src/install/fastbev_trt_ros/bin'
[12.574s] INFO:colcon.colcon_core.shell:Creating package script '/root/autodl-tmp/ros2_ws/src/install/fastbev_trt_ros/share/fastbev_trt_ros/package.ps1'
[12.574s] DEBUG:colcon.colcon_core.event_handler.log_command:Invoked command in '/root/autodl-tmp/ros2_ws/src/build/fastbev_trt_ros' returned '2': CMAKE_PREFIX_PATH=/opt/ros/foxy CONDA_PROMPT_MODIFIER=(base) /root/miniconda3/bin/cmake --build /root/autodl-tmp/ros2_ws/src/build/fastbev_trt_ros -- -j192 -l192
[12.576s] INFO:colcon.colcon_core.shell:Creating package descriptor '/root/autodl-tmp/ros2_ws/src/install/fastbev_trt_ros/share/fastbev_trt_ros/package.dsv'
[12.577s] INFO:colcon.colcon_core.shell:Creating package script '/root/autodl-tmp/ros2_ws/src/install/fastbev_trt_ros/share/fastbev_trt_ros/package.sh'
[12.578s] INFO:colcon.colcon_core.shell:Creating package script '/root/autodl-tmp/ros2_ws/src/install/fastbev_trt_ros/share/fastbev_trt_ros/package.bash'
[12.579s] INFO:colcon.colcon_core.shell:Creating package script '/root/autodl-tmp/ros2_ws/src/install/fastbev_trt_ros/share/fastbev_trt_ros/package.zsh'
[12.580s] Level 1:colcon.colcon_core.environment:create_file_with_runtime_dependencies(/root/autodl-tmp/ros2_ws/src/install/fastbev_trt_ros/share/colcon-core/packages/fastbev_trt_ros)
[12.591s] DEBUG:colcon.colcon_parallel_executor.executor.parallel:closing loop
[12.591s] DEBUG:colcon.colcon_parallel_executor.executor.parallel:loop closed
[12.591s] DEBUG:colcon.colcon_parallel_executor.executor.parallel:run_until_complete finished with '2'
[12.592s] DEBUG:colcon.colcon_core.event_reactor:joining thread
[12.608s] INFO:colcon.colcon_core.plugin_system:Skipping extension 'colcon_notification.desktop_notification.notify_send': Could not find 'notify-send'
[12.608s] INFO:colcon.colcon_core.plugin_system:Skipping extension 'colcon_notification.desktop_notification.terminal_notifier': Not used on non-Darwin systems
[12.609s] INFO:colcon.colcon_core.plugin_system:Skipping extension 'colcon_notification.desktop_notification.win32': Not used on non-Windows systems
[12.609s] INFO:colcon.colcon_notification.desktop_notification:Sending desktop notification using 'notify2'
[12.609s] DEBUG:colcon.colcon_notification.desktop_notification.notify2:Failed to initialize notify2: org.freedesktop.DBus.Error.NotSupported: Unable to autolaunch a dbus-daemon without a $DISPLAY for X11
[12.609s] DEBUG:colcon.colcon_core.event_reactor:joined thread
[12.610s] INFO:colcon.colcon_core.shell:Creating prefix script '/root/autodl-tmp/ros2_ws/src/install/local_setup.ps1'
[12.611s] INFO:colcon.colcon_core.shell:Creating prefix util module '/root/autodl-tmp/ros2_ws/src/install/_local_setup_util_ps1.py'
[12.613s] INFO:colcon.colcon_core.shell:Creating prefix chain script '/root/autodl-tmp/ros2_ws/src/install/setup.ps1'
[12.615s] INFO:colcon.colcon_core.shell:Creating prefix script '/root/autodl-tmp/ros2_ws/src/install/local_setup.sh'
[12.616s] INFO:colcon.colcon_core.shell:Creating prefix util module '/root/autodl-tmp/ros2_ws/src/install/_local_setup_util_sh.py'
[12.616s] INFO:colcon.colcon_core.shell:Creating prefix chain script '/root/autodl-tmp/ros2_ws/src/install/setup.sh'
[12.618s] INFO:colcon.colcon_core.shell:Creating prefix script '/root/autodl-tmp/ros2_ws/src/install/local_setup.bash'
[12.619s] INFO:colcon.colcon_core.shell:Creating prefix chain script '/root/autodl-tmp/ros2_ws/src/install/setup.bash'
[12.620s] INFO:colcon.colcon_core.shell:Creating prefix script '/root/autodl-tmp/ros2_ws/src/install/local_setup.zsh'
[12.621s] INFO:colcon.colcon_core.shell:Creating prefix chain script '/root/autodl-tmp/ros2_ws/src/install/setup.zsh'
